<?xml version="1.0" encoding="UTF-8"?>
<beans xmlns="http://www.springframework.org/schema/beans"
       xmlns:context="http://www.springframework.org/schema/context"
       xmlns:mvc="http://www.springframework.org/schema/mvc" xmlns:xsi="http://www.w3.org/2001/XMLSchema-instance"
       xmlns:p="http://www.springframework.org/schema/p"
       xsi:schemaLocation="
        http://www.springframework.org/schema/beans
        http://www.springframework.org/schema/beans/spring-beans-4.0.xsd">

       <!-- Commented out because not needed for service -->
       <!--<bean class="org.springframework.web.servlet.view.InternalResourceViewResolver">-->
              <!--<property name="prefix">-->
                     <!--<value>/WEB-INF/pages/</value>-->
              <!--</property>-->
              <!--<property name="suffix">-->
                     <!--<value>.jsp</value>-->
              <!--</property>-->
       <!--</bean>-->

       <bean id="daoStubs" class="com.kiekeboo.app.services.ServiceStubs">
              <property name="inject" value="----INJECT-----!!!!!"/>
       </bean>

</beans>